{
  "nbformat": 4,
  "nbformat_minor": 0,
  "metadata": {
    "colab": {
      "provenance": [],
      "authorship_tag": "ABX9TyNJ+DTSfoypd7GFjd/msPt5",
      "include_colab_link": true
    },
    "kernelspec": {
      "name": "python3",
      "display_name": "Python 3"
    },
    "language_info": {
      "name": "python"
    }
  },
  "cells": [
    {
      "cell_type": "markdown",
      "metadata": {
        "id": "view-in-github",
        "colab_type": "text"
      },
      "source": [
        "<a href=\"https://colab.research.google.com/github/nanthakumar467/NM-GenerativeAI/blob/main/Languagetranslator\" target=\"_parent\"><img src=\"https://colab.research.google.com/assets/colab-badge.svg\" alt=\"Open In Colab\"/></a>"
      ]
    },
    {
      "cell_type": "code",
      "source": [
        "\n",
        "# Install required libraries\n",
        "!pip install gradio transformers torch gtts --quiet\n",
        "\n",
        "# Import necessary libraries\n",
        "import gradio as gr\n",
        "from transformers import pipeline\n",
        "from gtts import gTTS\n",
        "import os\n",
        "\n",
        "# Define translation models for South Indian languages\n",
        "translation_models = {\n",
        "    \"English to Tamil\": \"Helsinki-NLP/opus-mt-en-ta\",\n",
        "    \"English to Telugu\": \"Helsinki-NLP/opus-mt-en-te\",\n",
        "    \"English to Kannada\": \"Helsinki-NLP/opus-mt-en-kn\",\n",
        "    \"English to Malayalam\": \"Helsinki-NLP/opus-mt-en-ml\"\n",
        "}\n",
        "\n",
        "# Function to translate text\n",
        "def translate_text(text, language):\n",
        "    model_name = translation_models[language]\n",
        "    translator = pipeline(\"translation\", model=model_name)\n",
        "    translated_text = translator(text)[0][\"translation_text\"]\n",
        "\n",
        "    # Generate speech\n",
        "    tts = gTTS(translated_text, lang=\"ta\" if \"Tamil\" in language else\n",
        "                                   \"te\" if \"Telugu\" in language else\n",
        "                                   \"kn\" if \"Kannada\" in language else\n",
        "                                   \"ml\")  # Malayalam\n",
        "\n",
        "    audio_path = \"translated_speech.mp3\"\n",
        "    tts.save(audio_path)\n",
        "\n",
        "    return translated_text, audio_path\n",
        "\n",
        "# Create a Gradio interface with dropdown for language selection\n",
        "iface = gr.Interface(\n",
        "    fn=translate_text,\n",
        "    inputs=[\n",
        "        gr.Textbox(lines=3, placeholder=\"Enter text in English...\"),\n",
        "        gr.Dropdown(choices=list(translation_models.keys()), label=\"Select Target Language\")\n",
        "    ],\n",
        "    outputs=[gr.Textbox(label=\"Translated Text\"), gr.Audio(label=\"Text-to-Speech Output\")],\n",
        "    title=\"South Indian Language Translator + TTS\",\n",
        "    description=\"Enter text in English, select a South Indian language, and get the translated text with speech output.\"\n",
        ")\n",
        "\n",
        "# Launch the Gradio app\n",
        "iface.launch(share=True)"
      ],
      "metadata": {
        "colab": {
          "base_uri": "https://localhost:8080/",
          "height": 880
        },
        "id": "d4iN97C96zHZ",
        "outputId": "022aae89-72d2-4923-fed2-ce9efdeb5fdf"
      },
      "execution_count": 13,
      "outputs": [
        {
          "output_type": "error",
          "ename": "RuntimeError",
          "evalue": "Failed to import transformers.pipelines because of the following error (look up to see its traceback):\npartially initialized module 'torch._inductor' has no attribute 'custom_graph_pass' (most likely due to a circular import)",
          "traceback": [
            "\u001b[0;31m---------------------------------------------------------------------------\u001b[0m",
            "\u001b[0;31mAttributeError\u001b[0m                            Traceback (most recent call last)",
            "\u001b[0;32m/usr/local/lib/python3.11/dist-packages/transformers/utils/import_utils.py\u001b[0m in \u001b[0;36m_get_module\u001b[0;34m(self, module_name)\u001b[0m\n\u001b[1;32m   1966\u001b[0m         \u001b[0;32mtry\u001b[0m\u001b[0;34m:\u001b[0m\u001b[0;34m\u001b[0m\u001b[0;34m\u001b[0m\u001b[0m\n\u001b[0;32m-> 1967\u001b[0;31m             \u001b[0;32mreturn\u001b[0m \u001b[0mimportlib\u001b[0m\u001b[0;34m.\u001b[0m\u001b[0mimport_module\u001b[0m\u001b[0;34m(\u001b[0m\u001b[0;34m\".\"\u001b[0m \u001b[0;34m+\u001b[0m \u001b[0mmodule_name\u001b[0m\u001b[0;34m,\u001b[0m \u001b[0mself\u001b[0m\u001b[0;34m.\u001b[0m\u001b[0m__name__\u001b[0m\u001b[0;34m)\u001b[0m\u001b[0;34m\u001b[0m\u001b[0;34m\u001b[0m\u001b[0m\n\u001b[0m\u001b[1;32m   1968\u001b[0m         \u001b[0;32mexcept\u001b[0m \u001b[0mException\u001b[0m \u001b[0;32mas\u001b[0m \u001b[0me\u001b[0m\u001b[0;34m:\u001b[0m\u001b[0;34m\u001b[0m\u001b[0;34m\u001b[0m\u001b[0m\n",
            "\u001b[0;32m/usr/lib/python3.11/importlib/__init__.py\u001b[0m in \u001b[0;36mimport_module\u001b[0;34m(name, package)\u001b[0m\n\u001b[1;32m    125\u001b[0m             \u001b[0mlevel\u001b[0m \u001b[0;34m+=\u001b[0m \u001b[0;36m1\u001b[0m\u001b[0;34m\u001b[0m\u001b[0;34m\u001b[0m\u001b[0m\n\u001b[0;32m--> 126\u001b[0;31m     \u001b[0;32mreturn\u001b[0m \u001b[0m_bootstrap\u001b[0m\u001b[0;34m.\u001b[0m\u001b[0m_gcd_import\u001b[0m\u001b[0;34m(\u001b[0m\u001b[0mname\u001b[0m\u001b[0;34m[\u001b[0m\u001b[0mlevel\u001b[0m\u001b[0;34m:\u001b[0m\u001b[0;34m]\u001b[0m\u001b[0;34m,\u001b[0m \u001b[0mpackage\u001b[0m\u001b[0;34m,\u001b[0m \u001b[0mlevel\u001b[0m\u001b[0;34m)\u001b[0m\u001b[0;34m\u001b[0m\u001b[0;34m\u001b[0m\u001b[0m\n\u001b[0m\u001b[1;32m    127\u001b[0m \u001b[0;34m\u001b[0m\u001b[0m\n",
            "\u001b[0;32m/usr/lib/python3.11/importlib/_bootstrap.py\u001b[0m in \u001b[0;36m_gcd_import\u001b[0;34m(name, package, level)\u001b[0m\n",
            "\u001b[0;32m/usr/lib/python3.11/importlib/_bootstrap.py\u001b[0m in \u001b[0;36m_find_and_load\u001b[0;34m(name, import_)\u001b[0m\n",
            "\u001b[0;32m/usr/lib/python3.11/importlib/_bootstrap.py\u001b[0m in \u001b[0;36m_find_and_load_unlocked\u001b[0;34m(name, import_)\u001b[0m\n",
            "\u001b[0;32m/usr/lib/python3.11/importlib/_bootstrap.py\u001b[0m in \u001b[0;36m_load_unlocked\u001b[0;34m(spec)\u001b[0m\n",
            "\u001b[0;32m/usr/lib/python3.11/importlib/_bootstrap_external.py\u001b[0m in \u001b[0;36mexec_module\u001b[0;34m(self, module)\u001b[0m\n",
            "\u001b[0;32m/usr/lib/python3.11/importlib/_bootstrap.py\u001b[0m in \u001b[0;36m_call_with_frames_removed\u001b[0;34m(f, *args, **kwds)\u001b[0m\n",
            "\u001b[0;32m/usr/local/lib/python3.11/dist-packages/transformers/pipelines/__init__.py\u001b[0m in \u001b[0;36m<module>\u001b[0;34m\u001b[0m\n\u001b[1;32m     25\u001b[0m \u001b[0;32mfrom\u001b[0m \u001b[0;34m.\u001b[0m\u001b[0;34m.\u001b[0m\u001b[0mfeature_extraction_utils\u001b[0m \u001b[0;32mimport\u001b[0m \u001b[0mPreTrainedFeatureExtractor\u001b[0m\u001b[0;34m\u001b[0m\u001b[0;34m\u001b[0m\u001b[0m\n\u001b[0;32m---> 26\u001b[0;31m \u001b[0;32mfrom\u001b[0m \u001b[0;34m.\u001b[0m\u001b[0;34m.\u001b[0m\u001b[0mimage_processing_utils\u001b[0m \u001b[0;32mimport\u001b[0m \u001b[0mBaseImageProcessor\u001b[0m\u001b[0;34m\u001b[0m\u001b[0;34m\u001b[0m\u001b[0m\n\u001b[0m\u001b[1;32m     27\u001b[0m \u001b[0;32mfrom\u001b[0m \u001b[0;34m.\u001b[0m\u001b[0;34m.\u001b[0m\u001b[0mmodels\u001b[0m\u001b[0;34m.\u001b[0m\u001b[0mauto\u001b[0m\u001b[0;34m.\u001b[0m\u001b[0mconfiguration_auto\u001b[0m \u001b[0;32mimport\u001b[0m \u001b[0mAutoConfig\u001b[0m\u001b[0;34m\u001b[0m\u001b[0;34m\u001b[0m\u001b[0m\n",
            "\u001b[0;32m/usr/local/lib/python3.11/dist-packages/transformers/image_processing_utils.py\u001b[0m in \u001b[0;36m<module>\u001b[0;34m\u001b[0m\n\u001b[1;32m     21\u001b[0m \u001b[0;32mfrom\u001b[0m \u001b[0;34m.\u001b[0m\u001b[0mimage_processing_base\u001b[0m \u001b[0;32mimport\u001b[0m \u001b[0mBatchFeature\u001b[0m\u001b[0;34m,\u001b[0m \u001b[0mImageProcessingMixin\u001b[0m\u001b[0;34m\u001b[0m\u001b[0;34m\u001b[0m\u001b[0m\n\u001b[0;32m---> 22\u001b[0;31m \u001b[0;32mfrom\u001b[0m \u001b[0;34m.\u001b[0m\u001b[0mimage_transforms\u001b[0m \u001b[0;32mimport\u001b[0m \u001b[0mcenter_crop\u001b[0m\u001b[0;34m,\u001b[0m \u001b[0mnormalize\u001b[0m\u001b[0;34m,\u001b[0m \u001b[0mrescale\u001b[0m\u001b[0;34m\u001b[0m\u001b[0;34m\u001b[0m\u001b[0m\n\u001b[0m\u001b[1;32m     23\u001b[0m \u001b[0;32mfrom\u001b[0m \u001b[0;34m.\u001b[0m\u001b[0mimage_utils\u001b[0m \u001b[0;32mimport\u001b[0m \u001b[0mChannelDimension\u001b[0m\u001b[0;34m,\u001b[0m \u001b[0mget_image_size\u001b[0m\u001b[0;34m\u001b[0m\u001b[0;34m\u001b[0m\u001b[0m\n",
            "\u001b[0;32m/usr/local/lib/python3.11/dist-packages/transformers/image_transforms.py\u001b[0m in \u001b[0;36m<module>\u001b[0;34m\u001b[0m\n\u001b[1;32m     20\u001b[0m \u001b[0;34m\u001b[0m\u001b[0m\n\u001b[0;32m---> 21\u001b[0;31m from .image_utils import (\n\u001b[0m\u001b[1;32m     22\u001b[0m     \u001b[0mChannelDimension\u001b[0m\u001b[0;34m,\u001b[0m\u001b[0;34m\u001b[0m\u001b[0;34m\u001b[0m\u001b[0m\n",
            "\u001b[0;32m/usr/local/lib/python3.11/dist-packages/transformers/image_utils.py\u001b[0m in \u001b[0;36m<module>\u001b[0;34m\u001b[0m\n\u001b[1;32m     63\u001b[0m     \u001b[0;32mif\u001b[0m \u001b[0mis_torchvision_available\u001b[0m\u001b[0;34m(\u001b[0m\u001b[0;34m)\u001b[0m\u001b[0;34m:\u001b[0m\u001b[0;34m\u001b[0m\u001b[0;34m\u001b[0m\u001b[0m\n\u001b[0;32m---> 64\u001b[0;31m         \u001b[0;32mfrom\u001b[0m \u001b[0mtorchvision\u001b[0m \u001b[0;32mimport\u001b[0m \u001b[0mio\u001b[0m \u001b[0;32mas\u001b[0m \u001b[0mtorchvision_io\u001b[0m\u001b[0;34m\u001b[0m\u001b[0;34m\u001b[0m\u001b[0m\n\u001b[0m\u001b[1;32m     65\u001b[0m         \u001b[0;32mfrom\u001b[0m \u001b[0mtorchvision\u001b[0m\u001b[0;34m.\u001b[0m\u001b[0mtransforms\u001b[0m \u001b[0;32mimport\u001b[0m \u001b[0mInterpolationMode\u001b[0m\u001b[0;34m\u001b[0m\u001b[0;34m\u001b[0m\u001b[0m\n",
            "\u001b[0;32m/usr/local/lib/python3.11/dist-packages/torchvision/__init__.py\u001b[0m in \u001b[0;36m<module>\u001b[0;34m\u001b[0m\n\u001b[1;32m      9\u001b[0m \u001b[0;32mfrom\u001b[0m \u001b[0;34m.\u001b[0m\u001b[0mextension\u001b[0m \u001b[0;32mimport\u001b[0m \u001b[0m_HAS_OPS\u001b[0m  \u001b[0;31m# usort:skip\u001b[0m\u001b[0;34m\u001b[0m\u001b[0;34m\u001b[0m\u001b[0m\n\u001b[0;32m---> 10\u001b[0;31m \u001b[0;32mfrom\u001b[0m \u001b[0mtorchvision\u001b[0m \u001b[0;32mimport\u001b[0m \u001b[0m_meta_registrations\u001b[0m\u001b[0;34m,\u001b[0m \u001b[0mdatasets\u001b[0m\u001b[0;34m,\u001b[0m \u001b[0mio\u001b[0m\u001b[0;34m,\u001b[0m \u001b[0mmodels\u001b[0m\u001b[0;34m,\u001b[0m \u001b[0mops\u001b[0m\u001b[0;34m,\u001b[0m \u001b[0mtransforms\u001b[0m\u001b[0;34m,\u001b[0m \u001b[0mutils\u001b[0m  \u001b[0;31m# usort:skip\u001b[0m\u001b[0;34m\u001b[0m\u001b[0;34m\u001b[0m\u001b[0m\n\u001b[0m\u001b[1;32m     11\u001b[0m \u001b[0;34m\u001b[0m\u001b[0m\n",
            "\u001b[0;32m/usr/local/lib/python3.11/dist-packages/torchvision/models/__init__.py\u001b[0m in \u001b[0;36m<module>\u001b[0;34m\u001b[0m\n\u001b[1;32m      1\u001b[0m \u001b[0;32mfrom\u001b[0m \u001b[0;34m.\u001b[0m\u001b[0malexnet\u001b[0m \u001b[0;32mimport\u001b[0m \u001b[0;34m*\u001b[0m\u001b[0;34m\u001b[0m\u001b[0;34m\u001b[0m\u001b[0m\n\u001b[0;32m----> 2\u001b[0;31m \u001b[0;32mfrom\u001b[0m \u001b[0;34m.\u001b[0m\u001b[0mconvnext\u001b[0m \u001b[0;32mimport\u001b[0m \u001b[0;34m*\u001b[0m\u001b[0;34m\u001b[0m\u001b[0;34m\u001b[0m\u001b[0m\n\u001b[0m\u001b[1;32m      3\u001b[0m \u001b[0;32mfrom\u001b[0m \u001b[0;34m.\u001b[0m\u001b[0mdensenet\u001b[0m \u001b[0;32mimport\u001b[0m \u001b[0;34m*\u001b[0m\u001b[0;34m\u001b[0m\u001b[0;34m\u001b[0m\u001b[0m\n",
            "\u001b[0;32m/usr/local/lib/python3.11/dist-packages/torchvision/models/convnext.py\u001b[0m in \u001b[0;36m<module>\u001b[0;34m\u001b[0m\n\u001b[1;32m      8\u001b[0m \u001b[0;32mfrom\u001b[0m \u001b[0;34m.\u001b[0m\u001b[0;34m.\u001b[0m\u001b[0mops\u001b[0m\u001b[0;34m.\u001b[0m\u001b[0mmisc\u001b[0m \u001b[0;32mimport\u001b[0m \u001b[0mConv2dNormActivation\u001b[0m\u001b[0;34m,\u001b[0m \u001b[0mPermute\u001b[0m\u001b[0;34m\u001b[0m\u001b[0;34m\u001b[0m\u001b[0m\n\u001b[0;32m----> 9\u001b[0;31m \u001b[0;32mfrom\u001b[0m \u001b[0;34m.\u001b[0m\u001b[0;34m.\u001b[0m\u001b[0mops\u001b[0m\u001b[0;34m.\u001b[0m\u001b[0mstochastic_depth\u001b[0m \u001b[0;32mimport\u001b[0m \u001b[0mStochasticDepth\u001b[0m\u001b[0;34m\u001b[0m\u001b[0;34m\u001b[0m\u001b[0m\n\u001b[0m\u001b[1;32m     10\u001b[0m \u001b[0;32mfrom\u001b[0m \u001b[0;34m.\u001b[0m\u001b[0;34m.\u001b[0m\u001b[0mtransforms\u001b[0m\u001b[0;34m.\u001b[0m\u001b[0m_presets\u001b[0m \u001b[0;32mimport\u001b[0m \u001b[0mImageClassification\u001b[0m\u001b[0;34m\u001b[0m\u001b[0;34m\u001b[0m\u001b[0m\n",
            "\u001b[0;32m/usr/local/lib/python3.11/dist-packages/torchvision/ops/__init__.py\u001b[0m in \u001b[0;36m<module>\u001b[0;34m\u001b[0m\n\u001b[1;32m     22\u001b[0m \u001b[0;32mfrom\u001b[0m \u001b[0;34m.\u001b[0m\u001b[0mmisc\u001b[0m \u001b[0;32mimport\u001b[0m \u001b[0mConv2dNormActivation\u001b[0m\u001b[0;34m,\u001b[0m \u001b[0mConv3dNormActivation\u001b[0m\u001b[0;34m,\u001b[0m \u001b[0mFrozenBatchNorm2d\u001b[0m\u001b[0;34m,\u001b[0m \u001b[0mMLP\u001b[0m\u001b[0;34m,\u001b[0m \u001b[0mPermute\u001b[0m\u001b[0;34m,\u001b[0m \u001b[0mSqueezeExcitation\u001b[0m\u001b[0;34m\u001b[0m\u001b[0;34m\u001b[0m\u001b[0m\n\u001b[0;32m---> 23\u001b[0;31m \u001b[0;32mfrom\u001b[0m \u001b[0;34m.\u001b[0m\u001b[0mpoolers\u001b[0m \u001b[0;32mimport\u001b[0m \u001b[0mMultiScaleRoIAlign\u001b[0m\u001b[0;34m\u001b[0m\u001b[0;34m\u001b[0m\u001b[0m\n\u001b[0m\u001b[1;32m     24\u001b[0m \u001b[0;32mfrom\u001b[0m \u001b[0;34m.\u001b[0m\u001b[0mps_roi_align\u001b[0m \u001b[0;32mimport\u001b[0m \u001b[0mps_roi_align\u001b[0m\u001b[0;34m,\u001b[0m \u001b[0mPSRoIAlign\u001b[0m\u001b[0;34m\u001b[0m\u001b[0;34m\u001b[0m\u001b[0m\n",
            "\u001b[0;32m/usr/local/lib/python3.11/dist-packages/torchvision/ops/poolers.py\u001b[0m in \u001b[0;36m<module>\u001b[0;34m\u001b[0m\n\u001b[1;32m      9\u001b[0m \u001b[0;32mfrom\u001b[0m \u001b[0;34m.\u001b[0m\u001b[0;34m.\u001b[0m\u001b[0mutils\u001b[0m \u001b[0;32mimport\u001b[0m \u001b[0m_log_api_usage_once\u001b[0m\u001b[0;34m\u001b[0m\u001b[0;34m\u001b[0m\u001b[0m\n\u001b[0;32m---> 10\u001b[0;31m \u001b[0;32mfrom\u001b[0m \u001b[0;34m.\u001b[0m\u001b[0mroi_align\u001b[0m \u001b[0;32mimport\u001b[0m \u001b[0mroi_align\u001b[0m\u001b[0;34m\u001b[0m\u001b[0;34m\u001b[0m\u001b[0m\n\u001b[0m\u001b[1;32m     11\u001b[0m \u001b[0;34m\u001b[0m\u001b[0m\n",
            "\u001b[0;32m/usr/local/lib/python3.11/dist-packages/torchvision/ops/roi_align.py\u001b[0m in \u001b[0;36m<module>\u001b[0;34m\u001b[0m\n\u001b[1;32m      6\u001b[0m \u001b[0;32mfrom\u001b[0m \u001b[0mtorch\u001b[0m \u001b[0;32mimport\u001b[0m \u001b[0mnn\u001b[0m\u001b[0;34m,\u001b[0m \u001b[0mTensor\u001b[0m\u001b[0;34m\u001b[0m\u001b[0;34m\u001b[0m\u001b[0m\n\u001b[0;32m----> 7\u001b[0;31m \u001b[0;32mfrom\u001b[0m \u001b[0mtorch\u001b[0m\u001b[0;34m.\u001b[0m\u001b[0m_dynamo\u001b[0m\u001b[0;34m.\u001b[0m\u001b[0mutils\u001b[0m \u001b[0;32mimport\u001b[0m \u001b[0mis_compile_supported\u001b[0m\u001b[0;34m\u001b[0m\u001b[0;34m\u001b[0m\u001b[0m\n\u001b[0m\u001b[1;32m      8\u001b[0m \u001b[0;32mfrom\u001b[0m \u001b[0mtorch\u001b[0m\u001b[0;34m.\u001b[0m\u001b[0mjit\u001b[0m\u001b[0;34m.\u001b[0m\u001b[0mannotations\u001b[0m \u001b[0;32mimport\u001b[0m \u001b[0mBroadcastingList2\u001b[0m\u001b[0;34m\u001b[0m\u001b[0;34m\u001b[0m\u001b[0m\n",
            "\u001b[0;32m/usr/local/lib/python3.11/dist-packages/torch/_dynamo/__init__.py\u001b[0m in \u001b[0;36m<module>\u001b[0;34m\u001b[0m\n\u001b[1;32m      2\u001b[0m \u001b[0;34m\u001b[0m\u001b[0m\n\u001b[0;32m----> 3\u001b[0;31m \u001b[0;32mfrom\u001b[0m \u001b[0;34m.\u001b[0m \u001b[0;32mimport\u001b[0m \u001b[0mconvert_frame\u001b[0m\u001b[0;34m,\u001b[0m \u001b[0meval_frame\u001b[0m\u001b[0;34m,\u001b[0m \u001b[0mresume_execution\u001b[0m\u001b[0;34m\u001b[0m\u001b[0;34m\u001b[0m\u001b[0m\n\u001b[0m\u001b[1;32m      4\u001b[0m \u001b[0;32mfrom\u001b[0m \u001b[0;34m.\u001b[0m\u001b[0mbackends\u001b[0m\u001b[0;34m.\u001b[0m\u001b[0mregistry\u001b[0m \u001b[0;32mimport\u001b[0m \u001b[0mlist_backends\u001b[0m\u001b[0;34m,\u001b[0m \u001b[0mlookup_backend\u001b[0m\u001b[0;34m,\u001b[0m \u001b[0mregister_backend\u001b[0m\u001b[0;34m\u001b[0m\u001b[0;34m\u001b[0m\u001b[0m\n",
            "\u001b[0;32m/usr/local/lib/python3.11/dist-packages/torch/_dynamo/convert_frame.py\u001b[0m in \u001b[0;36m<module>\u001b[0;34m\u001b[0m\n\u001b[1;32m     32\u001b[0m \u001b[0;32mfrom\u001b[0m \u001b[0mtorch\u001b[0m\u001b[0;34m.\u001b[0m\u001b[0m_dynamo\u001b[0m\u001b[0;34m.\u001b[0m\u001b[0mdistributed\u001b[0m \u001b[0;32mimport\u001b[0m \u001b[0mget_compile_pg\u001b[0m\u001b[0;34m\u001b[0m\u001b[0;34m\u001b[0m\u001b[0m\n\u001b[0;32m---> 33\u001b[0;31m \u001b[0;32mfrom\u001b[0m \u001b[0mtorch\u001b[0m\u001b[0;34m.\u001b[0m\u001b[0m_dynamo\u001b[0m\u001b[0;34m.\u001b[0m\u001b[0msymbolic_convert\u001b[0m \u001b[0;32mimport\u001b[0m \u001b[0mTensorifyState\u001b[0m\u001b[0;34m\u001b[0m\u001b[0;34m\u001b[0m\u001b[0m\n\u001b[0m\u001b[1;32m     34\u001b[0m \u001b[0;32mfrom\u001b[0m \u001b[0mtorch\u001b[0m\u001b[0;34m.\u001b[0m\u001b[0m_guards\u001b[0m \u001b[0;32mimport\u001b[0m \u001b[0mcompile_context\u001b[0m\u001b[0;34m,\u001b[0m \u001b[0mCompileContext\u001b[0m\u001b[0;34m,\u001b[0m \u001b[0mCompileId\u001b[0m\u001b[0;34m,\u001b[0m \u001b[0mtracing\u001b[0m\u001b[0;34m\u001b[0m\u001b[0;34m\u001b[0m\u001b[0m\n",
            "\u001b[0;32m/usr/local/lib/python3.11/dist-packages/torch/_dynamo/symbolic_convert.py\u001b[0m in \u001b[0;36m<module>\u001b[0;34m\u001b[0m\n\u001b[1;32m     26\u001b[0m \u001b[0;32mimport\u001b[0m \u001b[0mtorch\u001b[0m\u001b[0;34m.\u001b[0m\u001b[0m_logging\u001b[0m\u001b[0;34m\u001b[0m\u001b[0;34m\u001b[0m\u001b[0m\n\u001b[0;32m---> 27\u001b[0;31m \u001b[0;32mfrom\u001b[0m \u001b[0mtorch\u001b[0m\u001b[0;34m.\u001b[0m\u001b[0m_dynamo\u001b[0m\u001b[0;34m.\u001b[0m\u001b[0mexc\u001b[0m \u001b[0;32mimport\u001b[0m \u001b[0mTensorifyScalarRestartAnalysis\u001b[0m\u001b[0;34m\u001b[0m\u001b[0;34m\u001b[0m\u001b[0m\n\u001b[0m\u001b[1;32m     28\u001b[0m \u001b[0;32mfrom\u001b[0m \u001b[0mtorch\u001b[0m\u001b[0;34m.\u001b[0m\u001b[0m_guards\u001b[0m \u001b[0;32mimport\u001b[0m \u001b[0mtracing\u001b[0m\u001b[0;34m,\u001b[0m \u001b[0mTracingContext\u001b[0m\u001b[0;34m\u001b[0m\u001b[0;34m\u001b[0m\u001b[0m\n",
            "\u001b[0;32m/usr/local/lib/python3.11/dist-packages/torch/_dynamo/exc.py\u001b[0m in \u001b[0;36m<module>\u001b[0;34m\u001b[0m\n\u001b[1;32m     10\u001b[0m \u001b[0;32mfrom\u001b[0m \u001b[0;34m.\u001b[0m \u001b[0;32mimport\u001b[0m \u001b[0mconfig\u001b[0m\u001b[0;34m\u001b[0m\u001b[0;34m\u001b[0m\u001b[0m\n\u001b[0;32m---> 11\u001b[0;31m \u001b[0;32mfrom\u001b[0m \u001b[0;34m.\u001b[0m\u001b[0mutils\u001b[0m \u001b[0;32mimport\u001b[0m \u001b[0mcounters\u001b[0m\u001b[0;34m\u001b[0m\u001b[0;34m\u001b[0m\u001b[0m\n\u001b[0m\u001b[1;32m     12\u001b[0m \u001b[0;34m\u001b[0m\u001b[0m\n",
            "\u001b[0;32m/usr/local/lib/python3.11/dist-packages/torch/_dynamo/utils.py\u001b[0m in \u001b[0;36m<module>\u001b[0;34m\u001b[0m\n\u001b[1;32m     64\u001b[0m \u001b[0;32mimport\u001b[0m \u001b[0mtorch\u001b[0m\u001b[0;34m\u001b[0m\u001b[0;34m\u001b[0m\u001b[0m\n\u001b[0;32m---> 65\u001b[0;31m \u001b[0;32mimport\u001b[0m \u001b[0mtorch\u001b[0m\u001b[0;34m.\u001b[0m\u001b[0m_functorch\u001b[0m\u001b[0;34m.\u001b[0m\u001b[0mconfig\u001b[0m\u001b[0;34m\u001b[0m\u001b[0;34m\u001b[0m\u001b[0m\n\u001b[0m\u001b[1;32m     66\u001b[0m \u001b[0;32mimport\u001b[0m \u001b[0mtorch\u001b[0m\u001b[0;34m.\u001b[0m\u001b[0mfx\u001b[0m\u001b[0;34m.\u001b[0m\u001b[0mexperimental\u001b[0m\u001b[0;34m.\u001b[0m\u001b[0msymbolic_shapes\u001b[0m\u001b[0;34m\u001b[0m\u001b[0;34m\u001b[0m\u001b[0m\n",
            "\u001b[0;32m/usr/local/lib/python3.11/dist-packages/torch/_functorch/config.py\u001b[0m in \u001b[0;36m<module>\u001b[0;34m\u001b[0m\n\u001b[1;32m     65\u001b[0m \u001b[0;31m# or default config to true and fix relevant bugs\u001b[0m\u001b[0;34m\u001b[0m\u001b[0;34m\u001b[0m\u001b[0m\n\u001b[0;32m---> 66\u001b[0;31m \u001b[0;32mfrom\u001b[0m \u001b[0mtorch\u001b[0m\u001b[0;34m.\u001b[0m\u001b[0m_inductor\u001b[0m\u001b[0;34m.\u001b[0m\u001b[0mconfig\u001b[0m \u001b[0;32mimport\u001b[0m \u001b[0mis_fbcode\u001b[0m\u001b[0;34m\u001b[0m\u001b[0;34m\u001b[0m\u001b[0m\n\u001b[0m\u001b[1;32m     67\u001b[0m \u001b[0;34m\u001b[0m\u001b[0m\n",
            "\u001b[0;32m/usr/local/lib/python3.11/dist-packages/torch/_inductor/__init__.py\u001b[0m in \u001b[0;36m<module>\u001b[0;34m\u001b[0m\n\u001b[1;32m      8\u001b[0m \u001b[0;34m\u001b[0m\u001b[0m\n\u001b[0;32m----> 9\u001b[0;31m \u001b[0;32mimport\u001b[0m \u001b[0mtorch\u001b[0m\u001b[0;34m.\u001b[0m\u001b[0m_inductor\u001b[0m\u001b[0;34m.\u001b[0m\u001b[0mconfig\u001b[0m\u001b[0;34m\u001b[0m\u001b[0;34m\u001b[0m\u001b[0m\n\u001b[0m\u001b[1;32m     10\u001b[0m \u001b[0;32mimport\u001b[0m \u001b[0mtorch\u001b[0m\u001b[0;34m.\u001b[0m\u001b[0mfx\u001b[0m\u001b[0;34m\u001b[0m\u001b[0;34m\u001b[0m\u001b[0m\n",
            "\u001b[0;32m/usr/local/lib/python3.11/dist-packages/torch/_inductor/config.py\u001b[0m in \u001b[0;36m<module>\u001b[0;34m\u001b[0m\n\u001b[1;32m    160\u001b[0m \u001b[0;31m# to which your custom passes have been applied:\u001b[0m\u001b[0;34m\u001b[0m\u001b[0;34m\u001b[0m\u001b[0m\n\u001b[0;32m--> 161\u001b[0;31m \u001b[0mpost_grad_custom_pre_pass\u001b[0m\u001b[0;34m:\u001b[0m \u001b[0mtorch\u001b[0m\u001b[0;34m.\u001b[0m\u001b[0m_inductor\u001b[0m\u001b[0;34m.\u001b[0m\u001b[0mcustom_graph_pass\u001b[0m\u001b[0;34m.\u001b[0m\u001b[0mCustomGraphPassType\u001b[0m \u001b[0;34m=\u001b[0m \u001b[0;32mNone\u001b[0m\u001b[0;34m\u001b[0m\u001b[0;34m\u001b[0m\u001b[0m\n\u001b[0m\u001b[1;32m    162\u001b[0m \u001b[0mpost_grad_custom_post_pass\u001b[0m\u001b[0;34m:\u001b[0m \u001b[0mtorch\u001b[0m\u001b[0;34m.\u001b[0m\u001b[0m_inductor\u001b[0m\u001b[0;34m.\u001b[0m\u001b[0mcustom_graph_pass\u001b[0m\u001b[0;34m.\u001b[0m\u001b[0mCustomGraphPassType\u001b[0m \u001b[0;34m=\u001b[0m \u001b[0;32mNone\u001b[0m\u001b[0;34m\u001b[0m\u001b[0;34m\u001b[0m\u001b[0m\n",
            "\u001b[0;31mAttributeError\u001b[0m: partially initialized module 'torch._inductor' has no attribute 'custom_graph_pass' (most likely due to a circular import)",
            "\nThe above exception was the direct cause of the following exception:\n",
            "\u001b[0;31mRuntimeError\u001b[0m                              Traceback (most recent call last)",
            "\u001b[0;32m<ipython-input-13-8972d27804f5>\u001b[0m in \u001b[0;36m<cell line: 0>\u001b[0;34m()\u001b[0m\n\u001b[1;32m      4\u001b[0m \u001b[0;31m# Import necessary libraries\u001b[0m\u001b[0;34m\u001b[0m\u001b[0;34m\u001b[0m\u001b[0m\n\u001b[1;32m      5\u001b[0m \u001b[0;32mimport\u001b[0m \u001b[0mgradio\u001b[0m \u001b[0;32mas\u001b[0m \u001b[0mgr\u001b[0m\u001b[0;34m\u001b[0m\u001b[0;34m\u001b[0m\u001b[0m\n\u001b[0;32m----> 6\u001b[0;31m \u001b[0;32mfrom\u001b[0m \u001b[0mtransformers\u001b[0m \u001b[0;32mimport\u001b[0m \u001b[0mpipeline\u001b[0m\u001b[0;34m\u001b[0m\u001b[0;34m\u001b[0m\u001b[0m\n\u001b[0m\u001b[1;32m      7\u001b[0m \u001b[0;32mfrom\u001b[0m \u001b[0mgtts\u001b[0m \u001b[0;32mimport\u001b[0m \u001b[0mgTTS\u001b[0m\u001b[0;34m\u001b[0m\u001b[0;34m\u001b[0m\u001b[0m\n\u001b[1;32m      8\u001b[0m \u001b[0;32mimport\u001b[0m \u001b[0mos\u001b[0m\u001b[0;34m\u001b[0m\u001b[0;34m\u001b[0m\u001b[0m\n",
            "\u001b[0;32m/usr/lib/python3.11/importlib/_bootstrap.py\u001b[0m in \u001b[0;36m_handle_fromlist\u001b[0;34m(module, fromlist, import_, recursive)\u001b[0m\n",
            "\u001b[0;32m/usr/local/lib/python3.11/dist-packages/transformers/utils/import_utils.py\u001b[0m in \u001b[0;36m__getattr__\u001b[0;34m(self, name)\u001b[0m\n\u001b[1;32m   1953\u001b[0m             \u001b[0mvalue\u001b[0m \u001b[0;34m=\u001b[0m \u001b[0mPlaceholder\u001b[0m\u001b[0;34m\u001b[0m\u001b[0;34m\u001b[0m\u001b[0m\n\u001b[1;32m   1954\u001b[0m         \u001b[0;32melif\u001b[0m \u001b[0mname\u001b[0m \u001b[0;32min\u001b[0m \u001b[0mself\u001b[0m\u001b[0;34m.\u001b[0m\u001b[0m_class_to_module\u001b[0m\u001b[0;34m.\u001b[0m\u001b[0mkeys\u001b[0m\u001b[0;34m(\u001b[0m\u001b[0;34m)\u001b[0m\u001b[0;34m:\u001b[0m\u001b[0;34m\u001b[0m\u001b[0;34m\u001b[0m\u001b[0m\n\u001b[0;32m-> 1955\u001b[0;31m             \u001b[0mmodule\u001b[0m \u001b[0;34m=\u001b[0m \u001b[0mself\u001b[0m\u001b[0;34m.\u001b[0m\u001b[0m_get_module\u001b[0m\u001b[0;34m(\u001b[0m\u001b[0mself\u001b[0m\u001b[0;34m.\u001b[0m\u001b[0m_class_to_module\u001b[0m\u001b[0;34m[\u001b[0m\u001b[0mname\u001b[0m\u001b[0;34m]\u001b[0m\u001b[0;34m)\u001b[0m\u001b[0;34m\u001b[0m\u001b[0;34m\u001b[0m\u001b[0m\n\u001b[0m\u001b[1;32m   1956\u001b[0m             \u001b[0mvalue\u001b[0m \u001b[0;34m=\u001b[0m \u001b[0mgetattr\u001b[0m\u001b[0;34m(\u001b[0m\u001b[0mmodule\u001b[0m\u001b[0;34m,\u001b[0m \u001b[0mname\u001b[0m\u001b[0;34m)\u001b[0m\u001b[0;34m\u001b[0m\u001b[0;34m\u001b[0m\u001b[0m\n\u001b[1;32m   1957\u001b[0m         \u001b[0;32melif\u001b[0m \u001b[0mname\u001b[0m \u001b[0;32min\u001b[0m \u001b[0mself\u001b[0m\u001b[0;34m.\u001b[0m\u001b[0m_modules\u001b[0m\u001b[0;34m:\u001b[0m\u001b[0;34m\u001b[0m\u001b[0;34m\u001b[0m\u001b[0m\n",
            "\u001b[0;32m/usr/local/lib/python3.11/dist-packages/transformers/utils/import_utils.py\u001b[0m in \u001b[0;36m_get_module\u001b[0;34m(self, module_name)\u001b[0m\n\u001b[1;32m   1967\u001b[0m             \u001b[0;32mreturn\u001b[0m \u001b[0mimportlib\u001b[0m\u001b[0;34m.\u001b[0m\u001b[0mimport_module\u001b[0m\u001b[0;34m(\u001b[0m\u001b[0;34m\".\"\u001b[0m \u001b[0;34m+\u001b[0m \u001b[0mmodule_name\u001b[0m\u001b[0;34m,\u001b[0m \u001b[0mself\u001b[0m\u001b[0;34m.\u001b[0m\u001b[0m__name__\u001b[0m\u001b[0;34m)\u001b[0m\u001b[0;34m\u001b[0m\u001b[0;34m\u001b[0m\u001b[0m\n\u001b[1;32m   1968\u001b[0m         \u001b[0;32mexcept\u001b[0m \u001b[0mException\u001b[0m \u001b[0;32mas\u001b[0m \u001b[0me\u001b[0m\u001b[0;34m:\u001b[0m\u001b[0;34m\u001b[0m\u001b[0;34m\u001b[0m\u001b[0m\n\u001b[0;32m-> 1969\u001b[0;31m             raise RuntimeError(\n\u001b[0m\u001b[1;32m   1970\u001b[0m                 \u001b[0;34mf\"Failed to import {self.__name__}.{module_name} because of the following error (look up to see its\"\u001b[0m\u001b[0;34m\u001b[0m\u001b[0;34m\u001b[0m\u001b[0m\n\u001b[1;32m   1971\u001b[0m                 \u001b[0;34mf\" traceback):\\n{e}\"\u001b[0m\u001b[0;34m\u001b[0m\u001b[0;34m\u001b[0m\u001b[0m\n",
            "\u001b[0;31mRuntimeError\u001b[0m: Failed to import transformers.pipelines because of the following error (look up to see its traceback):\npartially initialized module 'torch._inductor' has no attribute 'custom_graph_pass' (most likely due to a circular import)"
          ]
        }
      ]
    }
  ]
}